<?xml version="1.0" encoding="UTF-8"?>
<!-- Generated by org.testng.reporters.JUnitXMLReporter -->
<testsuite ignored="4" hostname="DESKTOP-OJDTQ61" failures="1" tests="2" name="Test" time="34.583" errors="0" timestamp="2022-06-27T09:33:40 IST">
  <testcase classname="com.web.ui.testScripts.HomePageTest" name="verifMessage" time="30.517">
    <failure type="java.lang.AssertionError" message="expected [true] but found [false]">
      <![CDATA[java.lang.AssertionError: expected [true] but found [false]
at com.web.ui.testScripts.HomePageTest.verifMessage(HomePageTest.java:66)
at java.base/java.util.ArrayList.forEach(ArrayList.java:1511)
... Removed 31 stack frames]]>
    </failure>
  </testcase> <!-- verifMessage -->
  <testcase classname="com.web.ui.testScripts.HomePageTest" name="verifTableInformation" time="0.415"/>
  <testcase classname="com.web.ui.testScripts.HomePageTest" name="verifyListItems" time="0.0">
    <ignored/>
  </testcase> <!-- verifyListItems -->
  <testcase classname="com.web.ui.testScripts.HomePageTest" name="verifyLoginsuccess" time="0.0">
    <ignored/>
  </testcase> <!-- verifyLoginsuccess -->
  <testcase classname="com.web.ui.testScripts.HomePageTest" name="verifuButtons" time="0.0">
    <ignored/>
  </testcase> <!-- verifuButtons -->
  <testcase classname="com.web.ui.testScripts.HomePageTest" name="verifyOptions" time="0.0">
    <ignored/>
  </testcase> <!-- verifyOptions -->
</testsuite> <!-- Test -->
